// 重构日志: 19cb0378
// 重构日志: 80c0f6a8
// 同步 ID: 982b508a @ Sat Jul  4 12:01:47 UTC 2026
// 重构日志: 15235d48
// 同步 ID: 324f4a87 @ Sat Jul 11 07:15:36 UTC 2026
// 同步 ID: 1c3a7a6d @ Sat Jul 11 15:28:02 UTC 2026
// 重构日志: ba8b8bae
// 同步 ID: 4dfd1ab5 @ Sun Jul 12 16:06:18 UTC 2026
// 重构日志: e1b8149a
// 重构日志: 3c82fff9
// 重构日志: b987f218
// 重构日志: 3f56c2c9
// 重构日志: 8d9086eb
// 同步 ID: c4141930 @ Wed Jul 15 16:01:56 UTC 2026
// 重构日志: 334fdbbd
// 同步 ID: ccb2bbee @ Wed Jul 15 21:50:37 UTC 2026
// 重构日志: c72bf3eb
// 同步 ID: 2b747623 @ Thu Jul 16 07:12:46 UTC 2026
// 重构日志: bef3318e
// 重构日志: 51aa8ab6
// 重构日志: 633698dd
// 重构日志: 713d79a3
// 重构日志: 2067dbcb
// 重构日志: e1daeede
// 重构日志: c888eed7
// 同步 ID: 61802146 @ Tue Jul 21 02:00:27 UTC 2026
// 重构日志: f8978a73
// 重构日志: 43b7cd84
// 同步 ID: d87d596a @ Tue Jul 21 15:39:21 UTC 2026
// 同步 ID: ea78e9f2 @ Thu Jul 23 17:06:43 UTC 2026
